  task_406119_ModelB_Turn1.cpp
D:\Workspace\Turing\rlhf\task_406119_ModelB_Turn1\task_406119_ModelB_Turn1.cpp(48,25): error C2677: binary '!=': no global operator found which takes type 'std::_Vector_iterator<std::_Vector_val<std::_Simple_types<_Ty>>>' (or there is no acceptable conversion)
D:\Workspace\Turing\rlhf\task_406119_ModelB_Turn1\task_406119_ModelB_Turn1.cpp(48,25): error C2677:         with
D:\Workspace\Turing\rlhf\task_406119_ModelB_Turn1\task_406119_ModelB_Turn1.cpp(48,25): error C2677:         [
D:\Workspace\Turing\rlhf\task_406119_ModelB_Turn1\task_406119_ModelB_Turn1.cpp(48,25): error C2677:             _Ty=int
D:\Workspace\Turing\rlhf\task_406119_ModelB_Turn1\task_406119_ModelB_Turn1.cpp(48,25): error C2677:         ]
  C:\Program Files\Microsoft Visual Studio\2022\Community\VC\Tools\MSVC\14.39.33519\include\utility(507,27):
  could be 'bool std::operator !=(const std::pair<_Ty1,_Ty2> &,const std::pair<_Uty1,_Uty2> &)'
  	D:\Workspace\Turing\rlhf\task_406119_ModelB_Turn1\task_406119_ModelB_Turn1.cpp(48,22):
  	'bool std::operator !=(const std::pair<_Ty1,_Ty2> &,const std::pair<_Uty1,_Uty2> &)': could not deduce template argument for 'const std::pair<_Ty1,_Ty2> &' from 'bool'
  C:\Program Files\Microsoft Visual Studio\2022\Community\VC\Tools\MSVC\14.39.33519\include\xutility(1701,5):
  or       'bool std::operator !=(const std::reverse_iterator<_BidIt> &,const std::reverse_iterator<_BidIt2> &) noexcept(<expr>)'
  	D:\Workspace\Turing\rlhf\task_406119_ModelB_Turn1\task_406119_ModelB_Turn1.cpp(48,22):
  	'bool std::operator !=(const std::reverse_iterator<_BidIt> &,const std::reverse_iterator<_BidIt2> &) noexcept(<expr>)': could not deduce template argument for 'const std::reverse_iterator<_BidIt> &' from 'bool'
  C:\Program Files\Microsoft Visual Studio\2022\Community\VC\Tools\MSVC\14.39.33519\include\xutility(4243,30):
  or       'bool std::operator !=(const std::move_iterator<_Iter> &,const std::move_iterator<_Iter2> &) noexcept(<expr>)'
  	D:\Workspace\Turing\rlhf\task_406119_ModelB_Turn1\task_406119_ModelB_Turn1.cpp(48,22):
  	'bool std::operator !=(const std::move_iterator<_Iter> &,const std::move_iterator<_Iter2> &) noexcept(<expr>)': could not deduce template argument for 'const std::move_iterator<_Iter> &' from 'bool'
  C:\Program Files\Microsoft Visual Studio\2022\Community\VC\Tools\MSVC\14.39.33519\include\iterator(313,17):
  or       'bool std::operator !=(const std::istream_iterator<_Ty,_Elem,_Traits,_Diff> &,const std::istream_iterator<_Ty,_Elem,_Traits,_Diff> &) noexcept'
  	D:\Workspace\Turing\rlhf\task_406119_ModelB_Turn1\task_406119_ModelB_Turn1.cpp(48,22):
  	'bool std::operator !=(const std::istream_iterator<_Ty,_Elem,_Traits,_Diff> &,const std::istream_iterator<_Ty,_Elem,_Traits,_Diff> &) noexcept': could not deduce template argument for 'const std::istream_iterator<_Ty,_Elem,_Traits,_Diff> &' from 'bool'
  C:\Program Files\Microsoft Visual Studio\2022\Community\VC\Tools\MSVC\14.39.33519\include\iterator(495,17):
  or       'bool std::operator !=(const std::istreambuf_iterator<_Elem,_Traits> &,const std::istreambuf_iterator<_Elem,_Traits> &)'
  	D:\Workspace\Turing\rlhf\task_406119_ModelB_Turn1\task_406119_ModelB_Turn1.cpp(48,22):
  	'bool std::operator !=(const std::istreambuf_iterator<_Elem,_Traits> &,const std::istreambuf_iterator<_Elem,_Traits> &)': could not deduce template argument for 'const std::istreambuf_iterator<_Elem,_Traits> &' from 'bool'
  C:\Program Files\Microsoft Visual Studio\2022\Community\VC\Tools\MSVC\14.39.33519\include\xmemory(1048,17):
  or       'bool std::operator !=(const std::allocator<_Ty> &,const std::allocator<_Other> &) noexcept'
  	D:\Workspace\Turing\rlhf\task_406119_ModelB_Turn1\task_406119_ModelB_Turn1.cpp(48,22):
  	'bool std::operator !=(const std::allocator<_Ty> &,const std::allocator<_Other> &) noexcept': could not deduce template argument for 'const std::allocator<_Ty> &' from 'bool'
  C:\Program Files\Microsoft Visual Studio\2022\Community\VC\Tools\MSVC\14.39.33519\include\xstring(5072,17):
  or       'bool std::operator !=(const std::basic_string<_Elem,_Traits,_Alloc> &,const std::basic_string<_Elem,_Traits,_Alloc> &) noexcept'
  	D:\Workspace\Turing\rlhf\task_406119_ModelB_Turn1\task_406119_ModelB_Turn1.cpp(48,22):
  	'bool std::operator !=(const std::basic_string<_Elem,_Traits,_Alloc> &,const std::basic_string<_Elem,_Traits,_Alloc> &) noexcept': could not deduce template argument for 'const std::basic_string<_Elem,_Traits,_Alloc> &' from 'bool'
  C:\Program Files\Microsoft Visual Studio\2022\Community\VC\Tools\MSVC\14.39.33519\include\xstring(5078,17):
  or       'bool std::operator !=(const _Elem *const ,const std::basic_string<_Elem,_Traits,_Alloc> &) noexcept'
  	D:\Workspace\Turing\rlhf\task_406119_ModelB_Turn1\task_406119_ModelB_Turn1.cpp(48,22):
  	'bool std::operator !=(const _Elem *const ,const std::basic_string<_Elem,_Traits,_Alloc> &) noexcept': could not deduce template argument for 'const _Elem *const ' from 'bool'
  C:\Program Files\Microsoft Visual Studio\2022\Community\VC\Tools\MSVC\14.39.33519\include\xstring(5084,17):
  or       'bool std::operator !=(const std::basic_string<_Elem,_Traits,_Alloc> &,const _Elem *const ) noexcept'
  	D:\Workspace\Turing\rlhf\task_406119_ModelB_Turn1\task_406119_ModelB_Turn1.cpp(48,22):
  	'bool std::operator !=(const std::basic_string<_Elem,_Traits,_Alloc> &,const _Elem *const ) noexcept': could not deduce template argument for 'const std::basic_string<_Elem,_Traits,_Alloc> &' from 'bool'
  C:\Program Files\Microsoft Visual Studio\2022\Community\VC\Tools\MSVC\14.39.33519\include\memory(1853,17):
  or       'bool std::operator !=(const std::shared_ptr<_Ty> &,const std::shared_ptr<_Ty0> &) noexcept'
  	D:\Workspace\Turing\rlhf\task_406119_ModelB_Turn1\task_406119_ModelB_Turn1.cpp(48,22):
  	'bool std::operator !=(const std::shared_ptr<_Ty> &,const std::shared_ptr<_Ty0> &) noexcept': could not deduce template argument for 'const std::shared_ptr<_Ty> &' from 'bool'
  C:\Program Files\Microsoft Visual Studio\2022\Community\VC\Tools\MSVC\14.39.33519\include\memory(1895,17):
  or       'bool std::operator !=(const std::shared_ptr<_Ty> &,std::nullptr_t) noexcept'
  	D:\Workspace\Turing\rlhf\task_406119_ModelB_Turn1\task_406119_ModelB_Turn1.cpp(48,22):
  	'bool std::operator !=(const std::shared_ptr<_Ty> &,std::nullptr_t) noexcept': could not deduce template argument for 'const std::shared_ptr<_Ty> &' from 'bool'
  C:\Program Files\Microsoft Visual Studio\2022\Community\VC\Tools\MSVC\14.39.33519\include\memory(1900,17):
  or       'bool std::operator !=(std::nullptr_t,const std::shared_ptr<_Ty> &) noexcept'
  	D:\Workspace\Turing\rlhf\task_406119_ModelB_Turn1\task_406119_ModelB_Turn1.cpp(48,22):
  	'bool std::operator !=(std::nullptr_t,const std::shared_ptr<_Ty> &) noexcept': could not deduce template argument for 'const std::shared_ptr<_Ty> &' from 'std::_Vector_iterator<std::_Vector_val<std::_Simple_types<_Ty>>>'
          with
          [
              _Ty=int
          ]
  C:\Program Files\Microsoft Visual Studio\2022\Community\VC\Tools\MSVC\14.39.33519\include\memory(3476,17):
  or       'bool std::operator !=(const std::unique_ptr<_Ty,_Dx> &,const std::unique_ptr<_Ty2,_Dx2> &)'
  	D:\Workspace\Turing\rlhf\task_406119_ModelB_Turn1\task_406119_ModelB_Turn1.cpp(48,22):
  	'bool std::operator !=(const std::unique_ptr<_Ty,_Dx> &,const std::unique_ptr<_Ty2,_Dx2> &)': could not deduce template argument for 'const std::unique_ptr<_Ty,_Dx> &' from 'bool'
  C:\Program Files\Microsoft Visual Studio\2022\Community\VC\Tools\MSVC\14.39.33519\include\memory(3529,17):
  or       'bool std::operator !=(const std::unique_ptr<_Ty,_Dx> &,std::nullptr_t) noexcept'
  	D:\Workspace\Turing\rlhf\task_406119_ModelB_Turn1\task_406119_ModelB_Turn1.cpp(48,22):
  	'bool std::operator !=(const std::unique_ptr<_Ty,_Dx> &,std::nullptr_t) noexcept': could not deduce template argument for 'const std::unique_ptr<_Ty,_Dx> &' from 'bool'
  C:\Program Files\Microsoft Visual Studio\2022\Community\VC\Tools\MSVC\14.39.33519\include\memory(3534,17):
  or       'bool std::operator !=(std::nullptr_t,const std::unique_ptr<_Ty,_Dx> &) noexcept'
  	D:\Workspace\Turing\rlhf\task_406119_ModelB_Turn1\task_406119_ModelB_Turn1.cpp(48,22):
  	'bool std::operator !=(std::nullptr_t,const std::unique_ptr<_Ty,_Dx> &) noexcept': could not deduce template argument for 'const std::unique_ptr<_Ty,_Dx> &' from 'std::_Vector_iterator<std::_Vector_val<std::_Simple_types<_Ty>>>'
          with
          [
              _Ty=int
          ]
  C:\Program Files\Microsoft Visual Studio\2022\Community\VC\Tools\MSVC\14.39.33519\include\vector(2244,17):
  or       'bool std::operator !=(const std::vector<_Ty,_Alloc> &,const std::vector<_Ty,_Alloc> &)'
  	D:\Workspace\Turing\rlhf\task_406119_ModelB_Turn1\task_406119_ModelB_Turn1.cpp(48,22):
  	'bool std::operator !=(const std::vector<_Ty,_Alloc> &,const std::vector<_Ty,_Alloc> &)': could not deduce template argument for 'const std::vector<_Ty,_Alloc> &' from 'bool'
  
D:\Workspace\Turing\rlhf\task_406119_ModelB_Turn1\task_406119_ModelB_Turn1.cpp(53,61): error C2672: 'std::distance': no matching overloaded function found
  C:\Program Files\Microsoft Visual Studio\2022\Community\VC\Tools\MSVC\14.39.33519\include\xutility(1450,45):
  could be 'iterator_traits<_Iter>::difference_type std::distance(_InIt,_InIt)'
  	D:\Workspace\Turing\rlhf\task_406119_ModelB_Turn1\task_406119_ModelB_Turn1.cpp(53,61):
  	'iterator_traits<_Iter>::difference_type std::distance(_InIt,_InIt)': template parameter '_InIt' is ambiguous
  		D:\Workspace\Turing\rlhf\task_406119_ModelB_Turn1\task_406119_ModelB_Turn1.cpp(53,61):
  		could be 'bool'
  		D:\Workspace\Turing\rlhf\task_406119_ModelB_Turn1\task_406119_ModelB_Turn1.cpp(53,61):
  		or       'std::_Vector_iterator<std::_Vector_val<std::_Simple_types<_Ty>>>'
          with
          [
              _Ty=int
          ]
  	D:\Workspace\Turing\rlhf\task_406119_ModelB_Turn1\task_406119_ModelB_Turn1.cpp(53,61):
  	'iterator_traits<_Iter>::difference_type std::distance(_InIt,_InIt)': could not deduce template argument for '_InIt' from 'bool'
  
D:\Workspace\Turing\rlhf\task_406119_ModelB_Turn1\task_406119_ModelB_Turn1.cpp(65,25): error C2677: binary '!=': no global operator found which takes type 'std::_Vector_iterator<std::_Vector_val<std::_Simple_types<_Ty>>>' (or there is no acceptable conversion)
D:\Workspace\Turing\rlhf\task_406119_ModelB_Turn1\task_406119_ModelB_Turn1.cpp(65,25): error C2677:         with
D:\Workspace\Turing\rlhf\task_406119_ModelB_Turn1\task_406119_ModelB_Turn1.cpp(65,25): error C2677:         [
D:\Workspace\Turing\rlhf\task_406119_ModelB_Turn1\task_406119_ModelB_Turn1.cpp(65,25): error C2677:             _Ty=int
D:\Workspace\Turing\rlhf\task_406119_ModelB_Turn1\task_406119_ModelB_Turn1.cpp(65,25): error C2677:         ]
  C:\Program Files\Microsoft Visual Studio\2022\Community\VC\Tools\MSVC\14.39.33519\include\utility(507,27):
  could be 'bool std::operator !=(const std::pair<_Ty1,_Ty2> &,const std::pair<_Uty1,_Uty2> &)'
  	D:\Workspace\Turing\rlhf\task_406119_ModelB_Turn1\task_406119_ModelB_Turn1.cpp(65,22):
  	'bool std::operator !=(const std::pair<_Ty1,_Ty2> &,const std::pair<_Uty1,_Uty2> &)': could not deduce template argument for 'const std::pair<_Ty1,_Ty2> &' from 'bool'
  C:\Program Files\Microsoft Visual Studio\2022\Community\VC\Tools\MSVC\14.39.33519\include\xutility(1701,5):
  or       'bool std::operator !=(const std::reverse_iterator<_BidIt> &,const std::reverse_iterator<_BidIt2> &) noexcept(<expr>)'
  	D:\Workspace\Turing\rlhf\task_406119_ModelB_Turn1\task_406119_ModelB_Turn1.cpp(65,22):
  	'bool std::operator !=(const std::reverse_iterator<_BidIt> &,const std::reverse_iterator<_BidIt2> &) noexcept(<expr>)': could not deduce template argument for 'const std::reverse_iterator<_BidIt> &' from 'bool'
  C:\Program Files\Microsoft Visual Studio\2022\Community\VC\Tools\MSVC\14.39.33519\include\xutility(4243,30):
  or       'bool std::operator !=(const std::move_iterator<_Iter> &,const std::move_iterator<_Iter2> &) noexcept(<expr>)'
  	D:\Workspace\Turing\rlhf\task_406119_ModelB_Turn1\task_406119_ModelB_Turn1.cpp(65,22):
  	'bool std::operator !=(const std::move_iterator<_Iter> &,const std::move_iterator<_Iter2> &) noexcept(<expr>)': could not deduce template argument for 'const std::move_iterator<_Iter> &' from 'bool'
  C:\Program Files\Microsoft Visual Studio\2022\Community\VC\Tools\MSVC\14.39.33519\include\iterator(313,17):
  or       'bool std::operator !=(const std::istream_iterator<_Ty,_Elem,_Traits,_Diff> &,const std::istream_iterator<_Ty,_Elem,_Traits,_Diff> &) noexcept'
  	D:\Workspace\Turing\rlhf\task_406119_ModelB_Turn1\task_406119_ModelB_Turn1.cpp(65,22):
  	'bool std::operator !=(const std::istream_iterator<_Ty,_Elem,_Traits,_Diff> &,const std::istream_iterator<_Ty,_Elem,_Traits,_Diff> &) noexcept': could not deduce template argument for 'const std::istream_iterator<_Ty,_Elem,_Traits,_Diff> &' from 'bool'
  C:\Program Files\Microsoft Visual Studio\2022\Community\VC\Tools\MSVC\14.39.33519\include\iterator(495,17):
  or       'bool std::operator !=(const std::istreambuf_iterator<_Elem,_Traits> &,const std::istreambuf_iterator<_Elem,_Traits> &)'
  	D:\Workspace\Turing\rlhf\task_406119_ModelB_Turn1\task_406119_ModelB_Turn1.cpp(65,22):
  	'bool std::operator !=(const std::istreambuf_iterator<_Elem,_Traits> &,const std::istreambuf_iterator<_Elem,_Traits> &)': could not deduce template argument for 'const std::istreambuf_iterator<_Elem,_Traits> &' from 'bool'
  C:\Program Files\Microsoft Visual Studio\2022\Community\VC\Tools\MSVC\14.39.33519\include\xmemory(1048,17):
  or       'bool std::operator !=(const std::allocator<_Ty> &,const std::allocator<_Other> &) noexcept'
  	D:\Workspace\Turing\rlhf\task_406119_ModelB_Turn1\task_406119_ModelB_Turn1.cpp(65,22):
  	'bool std::operator !=(const std::allocator<_Ty> &,const std::allocator<_Other> &) noexcept': could not deduce template argument for 'const std::allocator<_Ty> &' from 'bool'
  C:\Program Files\Microsoft Visual Studio\2022\Community\VC\Tools\MSVC\14.39.33519\include\xstring(5072,17):
  or       'bool std::operator !=(const std::basic_string<_Elem,_Traits,_Alloc> &,const std::basic_string<_Elem,_Traits,_Alloc> &) noexcept'
  	D:\Workspace\Turing\rlhf\task_406119_ModelB_Turn1\task_406119_ModelB_Turn1.cpp(65,22):
  	'bool std::operator !=(const std::basic_string<_Elem,_Traits,_Alloc> &,const std::basic_string<_Elem,_Traits,_Alloc> &) noexcept': could not deduce template argument for 'const std::basic_string<_Elem,_Traits,_Alloc> &' from 'bool'
  C:\Program Files\Microsoft Visual Studio\2022\Community\VC\Tools\MSVC\14.39.33519\include\xstring(5078,17):
  or       'bool std::operator !=(const _Elem *const ,const std::basic_string<_Elem,_Traits,_Alloc> &) noexcept'
  	D:\Workspace\Turing\rlhf\task_406119_ModelB_Turn1\task_406119_ModelB_Turn1.cpp(65,22):
  	'bool std::operator !=(const _Elem *const ,const std::basic_string<_Elem,_Traits,_Alloc> &) noexcept': could not deduce template argument for 'const _Elem *const ' from 'bool'
  C:\Program Files\Microsoft Visual Studio\2022\Community\VC\Tools\MSVC\14.39.33519\include\xstring(5084,17):
  or       'bool std::operator !=(const std::basic_string<_Elem,_Traits,_Alloc> &,const _Elem *const ) noexcept'
  	D:\Workspace\Turing\rlhf\task_406119_ModelB_Turn1\task_406119_ModelB_Turn1.cpp(65,22):
  	'bool std::operator !=(const std::basic_string<_Elem,_Traits,_Alloc> &,const _Elem *const ) noexcept': could not deduce template argument for 'const std::basic_string<_Elem,_Traits,_Alloc> &' from 'bool'
  C:\Program Files\Microsoft Visual Studio\2022\Community\VC\Tools\MSVC\14.39.33519\include\memory(1853,17):
  or       'bool std::operator !=(const std::shared_ptr<_Ty> &,const std::shared_ptr<_Ty0> &) noexcept'
  	D:\Workspace\Turing\rlhf\task_406119_ModelB_Turn1\task_406119_ModelB_Turn1.cpp(65,22):
  	'bool std::operator !=(const std::shared_ptr<_Ty> &,const std::shared_ptr<_Ty0> &) noexcept': could not deduce template argument for 'const std::shared_ptr<_Ty> &' from 'bool'
  C:\Program Files\Microsoft Visual Studio\2022\Community\VC\Tools\MSVC\14.39.33519\include\memory(1895,17):
  or       'bool std::operator !=(const std::shared_ptr<_Ty> &,std::nullptr_t) noexcept'
  	D:\Workspace\Turing\rlhf\task_406119_ModelB_Turn1\task_406119_ModelB_Turn1.cpp(65,22):
  	'bool std::operator !=(const std::shared_ptr<_Ty> &,std::nullptr_t) noexcept': could not deduce template argument for 'const std::shared_ptr<_Ty> &' from 'bool'
  C:\Program Files\Microsoft Visual Studio\2022\Community\VC\Tools\MSVC\14.39.33519\include\memory(1900,17):
  or       'bool std::operator !=(std::nullptr_t,const std::shared_ptr<_Ty> &) noexcept'
  	D:\Workspace\Turing\rlhf\task_406119_ModelB_Turn1\task_406119_ModelB_Turn1.cpp(65,22):
  	'bool std::operator !=(std::nullptr_t,const std::shared_ptr<_Ty> &) noexcept': could not deduce template argument for 'const std::shared_ptr<_Ty> &' from 'std::_Vector_iterator<std::_Vector_val<std::_Simple_types<_Ty>>>'
          with
          [
              _Ty=int
          ]
  C:\Program Files\Microsoft Visual Studio\2022\Community\VC\Tools\MSVC\14.39.33519\include\memory(3476,17):
  or       'bool std::operator !=(const std::unique_ptr<_Ty,_Dx> &,const std::unique_ptr<_Ty2,_Dx2> &)'
  	D:\Workspace\Turing\rlhf\task_406119_ModelB_Turn1\task_406119_ModelB_Turn1.cpp(65,22):
  	'bool std::operator !=(const std::unique_ptr<_Ty,_Dx> &,const std::unique_ptr<_Ty2,_Dx2> &)': could not deduce template argument for 'const std::unique_ptr<_Ty,_Dx> &' from 'bool'
  C:\Program Files\Microsoft Visual Studio\2022\Community\VC\Tools\MSVC\14.39.33519\include\memory(3529,17):
  or       'bool std::operator !=(const std::unique_ptr<_Ty,_Dx> &,std::nullptr_t) noexcept'
  	D:\Workspace\Turing\rlhf\task_406119_ModelB_Turn1\task_406119_ModelB_Turn1.cpp(65,22):
  	'bool std::operator !=(const std::unique_ptr<_Ty,_Dx> &,std::nullptr_t) noexcept': could not deduce template argument for 'const std::unique_ptr<_Ty,_Dx> &' from 'bool'
  C:\Program Files\Microsoft Visual Studio\2022\Community\VC\Tools\MSVC\14.39.33519\include\memory(3534,17):
  or       'bool std::operator !=(std::nullptr_t,const std::unique_ptr<_Ty,_Dx> &) noexcept'
  	D:\Workspace\Turing\rlhf\task_406119_ModelB_Turn1\task_406119_ModelB_Turn1.cpp(65,22):
  	'bool std::operator !=(std::nullptr_t,const std::unique_ptr<_Ty,_Dx> &) noexcept': could not deduce template argument for 'const std::unique_ptr<_Ty,_Dx> &' from 'std::_Vector_iterator<std::_Vector_val<std::_Simple_types<_Ty>>>'
          with
          [
              _Ty=int
          ]
  C:\Program Files\Microsoft Visual Studio\2022\Community\VC\Tools\MSVC\14.39.33519\include\vector(2244,17):
  or       'bool std::operator !=(const std::vector<_Ty,_Alloc> &,const std::vector<_Ty,_Alloc> &)'
  	D:\Workspace\Turing\rlhf\task_406119_ModelB_Turn1\task_406119_ModelB_Turn1.cpp(65,22):
  	'bool std::operator !=(const std::vector<_Ty,_Alloc> &,const std::vector<_Ty,_Alloc> &)': could not deduce template argument for 'const std::vector<_Ty,_Alloc> &' from 'bool'
  
D:\Workspace\Turing\rlhf\task_406119_ModelB_Turn1\task_406119_ModelB_Turn1.cpp(70,61): error C2672: 'std::distance': no matching overloaded function found
  C:\Program Files\Microsoft Visual Studio\2022\Community\VC\Tools\MSVC\14.39.33519\include\xutility(1450,45):
  could be 'iterator_traits<_Iter>::difference_type std::distance(_InIt,_InIt)'
  	D:\Workspace\Turing\rlhf\task_406119_ModelB_Turn1\task_406119_ModelB_Turn1.cpp(70,61):
  	'iterator_traits<_Iter>::difference_type std::distance(_InIt,_InIt)': template parameter '_InIt' is ambiguous
  		D:\Workspace\Turing\rlhf\task_406119_ModelB_Turn1\task_406119_ModelB_Turn1.cpp(70,61):
  		could be 'bool'
  		D:\Workspace\Turing\rlhf\task_406119_ModelB_Turn1\task_406119_ModelB_Turn1.cpp(70,61):
  		or       'std::_Vector_iterator<std::_Vector_val<std::_Simple_types<_Ty>>>'
          with
          [
              _Ty=int
          ]
  	D:\Workspace\Turing\rlhf\task_406119_ModelB_Turn1\task_406119_ModelB_Turn1.cpp(70,61):
  	'iterator_traits<_Iter>::difference_type std::distance(_InIt,_InIt)': could not deduce template argument for '_InIt' from 'bool'
  
